<?xml version="1.0" encoding="UTF-8"?>
<!-- Generated by org.testng.reporters.JUnitXMLReporter -->
<testsuite hostname="nhirina-LT" ignored="1" name="Test" tests="3" failures="0" timestamp="2020-05-07T11:59:01 EDT" time="107.716" errors="0">
  <testcase name="totalValidation" time="46.451" classname="practise.AppiumFramework.Ecommerce_tc_4Optimized"/>
  <testcase name="apiDemoTest" time="29.016" classname="practise.AppiumFramework.ApiDemoTest"/>
  <testcase name="apiDemoTest" time="29.201" classname="practise.AppiumFramework.ApiDemoTest"/>
  <testcase name="@BeforeTest killAllNodes" time="0.0" classname="practise.AppiumFramework.baseEcommerce">
    <ignored/>
  </testcase> <!-- @BeforeTest killAllNodes -->
</testsuite> <!-- Test -->
