<?xml version="1.0" encoding="UTF-8"?>
<!-- Generated by org.testng.reporters.JUnitXMLReporter -->
<testsuite hostname="nhirina-LT" ignored="1" name="Test" tests="3" failures="0" timestamp="07 May 2020 19:17:13 GMT" time="136.617" errors="0">
  <testcase name="totalValidation" time="59.436" classname="practise.AppiumFramework.Ecommerce_tc_4Optimized"/>
  <testcase name="apiDemoTest" time="36.414" classname="practise.AppiumFramework.ApiDemoTest"/>
  <testcase name="apiDemoTest" time="37.725" classname="practise.AppiumFramework.ApiDemoTest"/>
  <testcase name="@BeforeTest killAllNodes" time="0.0" classname="practise.AppiumFramework.baseEcommerce">
    <ignored/>
  </testcase> <!-- @BeforeTest killAllNodes -->
</testsuite> <!-- Test -->
