<?xml version="1.0" encoding="UTF-8"?>
<testng-results skipped="0" failed="0" ignored="1" total="4" passed="3">
  <reporter-output>
  </reporter-output>
  <suite name="Suite" duration-ms="136617" started-at="2020-05-07T19:14:57Z" finished-at="2020-05-07T19:17:13Z">
    <groups>
    </groups>
    <test name="Test" duration-ms="136617" started-at="2020-05-07T19:14:57Z" finished-at="2020-05-07T19:17:13Z">
      <class name="practise.AppiumFramework.Ecommerce_tc_4Optimized">
        <test-method status="PASS" signature="killAllNodes()[pri:0, instance:practise.AppiumFramework.Ecommerce_tc_4Optimized@3c87521]" name="killAllNodes" is-config="true" duration-ms="3021" started-at="2020-05-07T19:14:57Z" finished-at="2020-05-07T19:15:00Z">
          <reporter-output>
          </reporter-output>
        </test-method> <!-- killAllNodes -->
        <test-method status="PASS" signature="totalValidation(java.lang.String)[pri:0, instance:practise.AppiumFramework.Ecommerce_tc_4Optimized@3c87521]" name="totalValidation" duration-ms="59436" started-at="2020-05-07T19:15:00Z" data-provider="InputDataEcommerce" finished-at="2020-05-07T19:15:59Z">
          <params>
            <param index="0">
              <value>
                <![CDATA[@#%$]]>
              </value>
            </param>
          </params>
          <reporter-output>
          </reporter-output>
        </test-method> <!-- totalValidation -->
      </class> <!-- practise.AppiumFramework.Ecommerce_tc_4Optimized -->
      <class name="practise.AppiumFramework.ApiDemoTest">
        <test-method status="PASS" signature="apiDemoTest(java.lang.String)[pri:0, instance:practise.AppiumFramework.ApiDemoTest@2aece37d]" name="apiDemoTest" duration-ms="36414" started-at="2020-05-07T19:15:59Z" data-provider="InputData" finished-at="2020-05-07T19:16:36Z">
          <params>
            <param index="0">
              <value>
                <![CDATA[Hello]]>
              </value>
            </param>
          </params>
          <reporter-output>
          </reporter-output>
        </test-method> <!-- apiDemoTest -->
        <test-method status="PASS" signature="apiDemoTest(java.lang.String)[pri:0, instance:practise.AppiumFramework.ApiDemoTest@2aece37d]" name="apiDemoTest" duration-ms="37725" started-at="2020-05-07T19:16:36Z" data-provider="InputData" finished-at="2020-05-07T19:17:13Z">
          <params>
            <param index="0">
              <value>
                <![CDATA[@#%$]]>
              </value>
            </param>
          </params>
          <reporter-output>
          </reporter-output>
        </test-method> <!-- apiDemoTest -->
      </class> <!-- practise.AppiumFramework.ApiDemoTest -->
    </test> <!-- Test -->
  </suite> <!-- Suite -->
</testng-results>
