<?xml version="1.0" encoding="UTF-8"?>
<testng-results skipped="0" failed="0" ignored="1" total="4" passed="3">
  <reporter-output>
  </reporter-output>
  <suite name="Suite" duration-ms="107716" started-at="2020-05-07T11:57:13 EDT" finished-at="2020-05-07T11:59:01 EDT">
    <groups>
    </groups>
    <test name="Test" duration-ms="107716" started-at="2020-05-07T11:57:13 EDT" finished-at="2020-05-07T11:59:01 EDT">
      <class name="practise.AppiumFramework.Ecommerce_tc_4Optimized">
        <test-method status="PASS" signature="killAllNodes()[pri:0, instance:practise.AppiumFramework.Ecommerce_tc_4Optimized@a38d7a3]" name="killAllNodes" is-config="true" duration-ms="3014" started-at="2020-05-07T11:57:13 EDT" finished-at="2020-05-07T11:57:16 EDT">
          <reporter-output>
          </reporter-output>
        </test-method> <!-- killAllNodes -->
        <test-method status="PASS" signature="totalValidation(java.lang.String)[pri:0, instance:practise.AppiumFramework.Ecommerce_tc_4Optimized@a38d7a3]" name="totalValidation" duration-ms="46451" started-at="2020-05-07T11:57:16 EDT" data-provider="InputDataEcommerce" finished-at="2020-05-07T11:58:02 EDT">
          <params>
            <param index="0">
              <value>
                <![CDATA[@#%$]]>
              </value>
            </param>
          </params>
          <reporter-output>
          </reporter-output>
        </test-method> <!-- totalValidation -->
      </class> <!-- practise.AppiumFramework.Ecommerce_tc_4Optimized -->
      <class name="practise.AppiumFramework.ApiDemoTest">
        <test-method status="PASS" signature="apiDemoTest(java.lang.String)[pri:0, instance:practise.AppiumFramework.ApiDemoTest@77f99a05]" name="apiDemoTest" duration-ms="29016" started-at="2020-05-07T11:58:02 EDT" data-provider="InputData" finished-at="2020-05-07T11:58:31 EDT">
          <params>
            <param index="0">
              <value>
                <![CDATA[Hello]]>
              </value>
            </param>
          </params>
          <reporter-output>
          </reporter-output>
        </test-method> <!-- apiDemoTest -->
        <test-method status="PASS" signature="apiDemoTest(java.lang.String)[pri:0, instance:practise.AppiumFramework.ApiDemoTest@77f99a05]" name="apiDemoTest" duration-ms="29201" started-at="2020-05-07T11:58:31 EDT" data-provider="InputData" finished-at="2020-05-07T11:59:01 EDT">
          <params>
            <param index="0">
              <value>
                <![CDATA[@#%$]]>
              </value>
            </param>
          </params>
          <reporter-output>
          </reporter-output>
        </test-method> <!-- apiDemoTest -->
      </class> <!-- practise.AppiumFramework.ApiDemoTest -->
    </test> <!-- Test -->
  </suite> <!-- Suite -->
</testng-results>
